<?xml version="1.0" encoding="UTF-8"?>
<robot generator="Robot 5.0.1 (Python 3.9.13 on darwin)" generated="20230123 09:09:30.616" rpa="true" schemaversion="3">
<suite id="s1" name="Tasks" source="/Users/jasper/Documents/Robots/robocorp-luba/tasks.robot">
<test id="s1-t1" name="&lt;&lt;&lt;&lt;&lt;&lt;&lt; HEAD" line="19">
<kw name="Click Element If Visible" library="RPA.Browser.Selenium">
<arg>css:[type="submit"]</arg>
<doc>Click element if it is visible</doc>
<msg timestamp="20230123 09:09:31.560" level="INFO">Cannot capture screenshot because no browser is open.</msg>
<msg timestamp="20230123 09:09:31.561" level="FAIL">No browser is open.</msg>
<status status="FAIL" starttime="20230123 09:09:31.559" endtime="20230123 09:09:31.563"/>
</kw>
<kw name="Screenshot" library="RPA.Browser.Selenium">
<arg>filename="/Users/jasper/Documents/Robots/robocorp-luba/output/tets.png"</arg>
<doc>Capture page and/or element screenshot.</doc>
<status status="NOT RUN" starttime="20230123 09:09:31.564" endtime="20230123 09:09:31.564"/>
</kw>
<status status="FAIL" starttime="20230123 09:09:31.558" endtime="20230123 09:09:31.565">No browser is open.</status>
</test>
<status status="FAIL" starttime="20230123 09:09:30.626" endtime="20230123 09:09:31.567"/>
</suite>
<statistics>
<total>
<stat pass="0" fail="1" skip="0">All Tasks</stat>
</total>
<tag>
</tag>
<suite>
<stat pass="0" fail="1" skip="0" id="s1" name="Tasks">Tasks</stat>
</suite>
</statistics>
<errors>
<msg timestamp="20230123 09:09:30.602" level="ERROR">Error in file '/Users/jasper/Documents/Robots/robocorp-luba/tasks.robot' on line 3: Non-existing setting '&lt;&lt;&lt;&lt;&lt;&lt;&lt; HEAD'.</msg>
<msg timestamp="20230123 09:09:30.602" level="ERROR">Error in file '/Users/jasper/Documents/Robots/robocorp-luba/tasks.robot' on line 8: Non-existing setting '======='.</msg>
<msg timestamp="20230123 09:09:30.602" level="ERROR">Error in file '/Users/jasper/Documents/Robots/robocorp-luba/tasks.robot' on line 10: Non-existing setting '&gt;&gt;&gt;&gt;&gt;&gt;&gt; ed50aed7f09ff78bc9bab6a6350876e5b546a985'.</msg>
</errors>
</robot>
